<?xml version="1.0" encoding="UTF-8"?>
<!-- Generated by org.testng.reporters.JUnitReportReporter -->
<testsuite hostname="DESKTOP-DVO2OVC" name="com.fonteva.automation.testcases.D3DS" tests="1" failures="0" timestamp="15 Aug 2017 13:51:24 GMT" time="57.267" errors="0">
  <testcase name="enable_3DS_ForPaymentGatewaySupports_3DS" time="57.267" classname="com.fonteva.automation.testcases.D3DS"/>
</testsuite> <!-- com.fonteva.automation.testcases.D3DS -->
