<?xml version="1.0" encoding="UTF-8"?>
<!-- Generated by org.testng.reporters.JUnitReportReporter -->
<testsuite hostname="MacBook-Pro.local" name="com.fonteva.automation.testcases.three_DS" tests="2" failures="0" timestamp="8 Aug 2017 18:29:21 GMT" time="27.295" errors="0">
  <testcase name="login" time="9.929" classname="com.fonteva.automation.testcases.three_DS"/>
  <testcase name="select_Contact" time="17.366" classname="com.fonteva.automation.testcases.three_DS"/>
</testsuite> <!-- com.fonteva.automation.testcases.three_DS -->
