<?xml version="1.0" encoding="UTF-8"?>
<!-- Generated by org.testng.reporters.JUnitReportReporter -->
<testsuite hostname="DESKTOP-DVO2OVC" name="com.fonteva.automation.testcases.directDebit" tests="1" failures="0" timestamp="11 Aug 2017 18:50:38 GMT" time="26.341" errors="0">
  <testcase name="selectItemWithDD_Existingmandate" time="26.341" classname="com.fonteva.automation.testcases.directDebit"/>
</testsuite> <!-- com.fonteva.automation.testcases.directDebit -->
